# JRE version: OpenJDK Runtime Environment (Zulu 8.58.0.13-CA-macosx) (8.0_312-b07) (build 1.8.0_312-b07)
# Java VM: OpenJDK 64-Bit Server VM (25.312-b07 mixed mode bsd-amd64 compressed oops)
Heap:
 PSYoungGen      total 146432K, used 107190K [0x0000000795580000, 0x000000079f680000, 0x00000007c0000000)
  eden space 129024K, 83% used [0x0000000795580000,0x000000079be2d898,0x000000079d380000)
  from space 17408K, 0% used [0x000000079e580000,0x000000079e580000,0x000000079f680000)
  to   space 17920K, 0% used [0x000000079d380000,0x000000079d380000,0x000000079e500000)
 ParOldGen       total 73728K, used 20154K [0x0000000740000000, 0x0000000744800000, 0x0000000795580000)
  object space 73728K, 27% used [0x0000000740000000,0x00000007413ae9a8,0x0000000744800000)
 Metaspace       used 45430K, capacity 46890K, committed 47104K, reserved 1089536K
  class space    used 6298K, capacity 6605K, committed 6656K, reserved 1048576K
GC Heap History (10 events):
Event: 6.014 GC heap before
{Heap before GC invocations=4 (full 0):
 PSYoungGen      total 38400K, used 24294K [0x0000000795580000, 0x000000079a080000, 0x00000007c0000000)
  eden space 33280K, 57% used [0x0000000795580000,0x00000007968412d8,0x0000000797600000)
  from space 5120K, 99% used [0x0000000797600000,0x0000000797af86c0,0x0000000797b00000)
  to   space 5120K, 0% used [0x0000000799b80000,0x0000000799b80000,0x000000079a080000)
 ParOldGen       total 87552K, used 17263K [0x0000000740000000, 0x0000000745580000, 0x0000000795580000)
  object space 87552K, 19% used [0x0000000740000000,0x00000007410dbc38,0x0000000745580000)
 Metaspace       used 20486K, capacity 21090K, committed 21248K, reserved 1067008K
  class space    used 2794K, capacity 2975K, committed 3072K, reserved 1048576K
Event: 6.020 GC heap after
Heap after GC invocations=4 (full 0):
 PSYoungGen      total 71680K, used 5089K [0x0000000795580000, 0x000000079a080000, 0x00000007c0000000)
  eden space 66560K, 0% used [0x0000000795580000,0x0000000795580000,0x0000000799680000)
  from space 5120K, 99% used [0x0000000799b80000,0x000000079a0786a0,0x000000079a080000)
  to   space 5120K, 0% used [0x0000000799680000,0x0000000799680000,0x0000000799b80000)
 ParOldGen       total 87552K, used 19481K [0x0000000740000000, 0x0000000745580000, 0x0000000795580000)
  object space 87552K, 22% used [0x0000000740000000,0x0000000741306638,0x0000000745580000)
 Metaspace       used 20486K, capacity 21090K, committed 21248K, reserved 1067008K
  class space    used 2794K, capacity 2975K, committed 3072K, reserved 1048576K
}
Event: 6.020 GC heap before
{Heap before GC invocations=5 (full 1):
 PSYoungGen      total 71680K, used 5089K [0x0000000795580000, 0x000000079a080000, 0x00000007c0000000)
  eden space 66560K, 0% used [0x0000000795580000,0x0000000795580000,0x0000000799680000)
  from space 5120K, 99% used [0x0000000799b80000,0x000000079a0786a0,0x000000079a080000)
  to   space 5120K, 0% used [0x0000000799680000,0x0000000799680000,0x0000000799b80000)
 ParOldGen       total 87552K, used 19481K [0x0000000740000000, 0x0000000745580000, 0x0000000795580000)
  object space 87552K, 22% used [0x0000000740000000,0x0000000741306638,0x0000000745580000)
 Metaspace       used 20486K, capacity 21090K, committed 21248K, reserved 1067008K
  class space    used 2794K, capacity 2975K, committed 3072K, reserved 1048576K
Event: 6.057 GC heap after
Heap after GC invocations=5 (full 1):
 PSYoungGen      total 71680K, used 0K [0x0000000795580000, 0x000000079a080000, 0x00000007c0000000)
  eden space 66560K, 0% used [0x0000000795580000,0x0000000795580000,0x0000000799680000)
  from space 5120K, 0% used [0x0000000799b80000,0x0000000799b80000,0x000000079a080000)
  to   space 5120K, 0% used [0x0000000799680000,0x0000000799680000,0x0000000799b80000)
 ParOldGen       total 65536K, used 15969K [0x0000000740000000, 0x0000000744000000, 0x0000000795580000)
  object space 65536K, 24% used [0x0000000740000000,0x0000000740f98688,0x0000000744000000)
 Metaspace       used 20486K, capacity 21090K, committed 21248K, reserved 1067008K
  class space    used 2794K, capacity 2975K, committed 3072K, reserved 1048576K
}
Event: 7.332 GC heap before
{Heap before GC invocations=6 (full 1):
 PSYoungGen      total 71680K, used 66560K [0x0000000795580000, 0x000000079a080000, 0x00000007c0000000)
  eden space 66560K, 100% used [0x0000000795580000,0x0000000799680000,0x0000000799680000)
  from space 5120K, 0% used [0x0000000799b80000,0x0000000799b80000,0x000000079a080000)
  to   space 5120K, 0% used [0x0000000799680000,0x0000000799680000,0x0000000799b80000)
 ParOldGen       total 65536K, used 15969K [0x0000000740000000, 0x0000000744000000, 0x0000000795580000)
  object space 65536K, 24% used [0x0000000740000000,0x0000000740f98688,0x0000000744000000)
 Metaspace       used 31562K, capacity 32466K, committed 32896K, reserved 1077248K
  class space    used 4385K, capacity 4613K, committed 4736K, reserved 1048576K
Event: 7.346 GC heap after
Heap after GC invocations=6 (full 1):
 PSYoungGen      total 71680K, used 5096K [0x0000000795580000, 0x000000079f700000, 0x00000007c0000000)
  eden space 66560K, 0% used [0x0000000795580000,0x0000000795580000,0x0000000799680000)
  from space 5120K, 99% used [0x0000000799680000,0x0000000799b7a258,0x0000000799b80000)
  to   space 17920K, 0% used [0x000000079e580000,0x000000079e580000,0x000000079f700000)
 ParOldGen       total 65536K, used 19564K [0x0000000740000000, 0x0000000744000000, 0x0000000795580000)
  object space 65536K, 29% used [0x0000000740000000,0x000000074131b018,0x0000000744000000)
 Metaspace       used 31562K, capacity 32466K, committed 32896K, reserved 1077248K
  class space    used 4385K, capacity 4613K, committed 4736K, reserved 1048576K
}
Event: 7.618 GC heap before
{Heap before GC invocations=7 (full 1):
 PSYoungGen      total 71680K, used 28856K [0x0000000795580000, 0x000000079f700000, 0x00000007c0000000)
  eden space 66560K, 35% used [0x0000000795580000,0x0000000796cb4100,0x0000000799680000)
  from space 5120K, 99% used [0x0000000799680000,0x0000000799b7a258,0x0000000799b80000)
  to   space 17920K, 0% used [0x000000079e580000,0x000000079e580000,0x000000079f700000)
 ParOldGen       total 65536K, used 19564K [0x0000000740000000, 0x0000000744000000, 0x0000000795580000)
  object space 65536K, 29% used [0x0000000740000000,0x000000074131b018,0x0000000744000000)
 Metaspace       used 34263K, capacity 35206K, committed 35416K, reserved 1079296K
  class space    used 4751K, capacity 5005K, committed 5120K, reserved 1048576K
Event: 7.629 GC heap after
Heap after GC invocations=7 (full 1):
 PSYoungGen      total 146432K, used 6150K [0x0000000795580000, 0x000000079f680000, 0x00000007c0000000)
  eden space 129024K, 0% used [0x0000000795580000,0x0000000795580000,0x000000079d380000)
  from space 17408K, 35% used [0x000000079e580000,0x000000079eb819a8,0x000000079f680000)
  to   space 17920K, 0% used [0x000000079d380000,0x000000079d380000,0x000000079e500000)
 ParOldGen       total 65536K, used 19572K [0x0000000740000000, 0x0000000744000000, 0x0000000795580000)
  object space 65536K, 29% used [0x0000000740000000,0x000000074131d018,0x0000000744000000)
 Metaspace       used 34263K, capacity 35206K, committed 35416K, reserved 1079296K
  class space    used 4751K, capacity 5005K, committed 5120K, reserved 1048576K
}
Event: 7.629 GC heap before
{Heap before GC invocations=8 (full 2):
 PSYoungGen      total 146432K, used 6150K [0x0000000795580000, 0x000000079f680000, 0x00000007c0000000)
  eden space 129024K, 0% used [0x0000000795580000,0x0000000795580000,0x000000079d380000)
  from space 17408K, 35% used [0x000000079e580000,0x000000079eb819a8,0x000000079f680000)
  to   space 17920K, 0% used [0x000000079d380000,0x000000079d380000,0x000000079e500000)
 ParOldGen       total 65536K, used 19572K [0x0000000740000000, 0x0000000744000000, 0x0000000795580000)
  object space 65536K, 29% used [0x0000000740000000,0x000000074131d018,0x0000000744000000)
 Metaspace       used 34263K, capacity 35206K, committed 35416K, reserved 1079296K
  class space    used 4751K, capacity 5005K, committed 5120K, reserved 1048576K
Event: 7.671 GC heap after
Heap after GC invocations=8 (full 2):
 PSYoungGen      total 146432K, used 0K [0x0000000795580000, 0x000000079f680000, 0x00000007c0000000)
  eden space 129024K, 0% used [0x0000000795580000,0x0000000795580000,0x000000079d380000)
  from space 17408K, 0% used [0x000000079e580000,0x000000079e580000,0x000000079f680000)
  to   space 17920K, 0% used [0x000000079d380000,0x000000079d380000,0x000000079e500000)
 ParOldGen       total 73728K, used 20154K [0x0000000740000000, 0x0000000744800000, 0x0000000795580000)
  object space 73728K, 27% used [0x0000000740000000,0x00000007413ae9a8,0x0000000744800000)
 Metaspace       used 34263K, capacity 35206K, committed 35416K, reserved 1079296K
  class space    used 4751K, capacity 5005K, committed 5120K, reserved 1048576K
}

